<?xml version="1.0" encoding="UTF-8" ?>
<testsuite failures="0" time="0.001" errors="0" skipped="0" tests="14" name="com.muni.fi.pa165.entities.WeaponTest">
  <properties>
[...]
</properties>
  <testcase time="0" classname="com.muni.fi.pa165.entities.WeaponTest" name="testGetRange"/>
  <testcase time="0" classname="com.muni.fi.pa165.entities.WeaponTest" name="testSetCaliber"/>
  <testcase time="0" classname="com.muni.fi.pa165.entities.WeaponTest" name="testGetWeaponType"/>
  <testcase time="0" classname="com.muni.fi.pa165.entities.WeaponTest" name="testSetDescription"/>
  <testcase time="0" classname="com.muni.fi.pa165.entities.WeaponTest" name="testSetWeaponType"/>
  <testcase time="0" classname="com.muni.fi.pa165.entities.WeaponTest" name="testGetName"/>
  <testcase time="0" classname="com.muni.fi.pa165.entities.WeaponTest" name="testSetWeaponClass"/>
  <testcase time="0" classname="com.muni.fi.pa165.entities.WeaponTest" name="testGetDescription"/>
  <testcase time="0" classname="com.muni.fi.pa165.entities.WeaponTest" name="testGetCaliber"/>
  <testcase time="0" classname="com.muni.fi.pa165.entities.WeaponTest" name="testSetRounds"/>
  <testcase time="0" classname="com.muni.fi.pa165.entities.WeaponTest" name="testGetRounds"/>
  <testcase time="0" classname="com.muni.fi.pa165.entities.WeaponTest" name="testSetName"/>
  <testcase time="0" classname="com.muni.fi.pa165.entities.WeaponTest" name="testGetWeaponClass"/>
  <testcase time="0" classname="com.muni.fi.pa165.entities.WeaponTest" name="testSetRange"/>
</testsuite>